D:\TestProject\UIFrameworks\UIFrameworksProject\SuperheroesApp\Scripts\Autogenerated\Models\superhero-form-model.js
D:\TestProject\UIFrameworks\UIFrameworksProject\SuperheroesApp\Scripts\Autogenerated\Models\superhero-form-model.js.map
D:\TestProject\UIFrameworks\UIFrameworksProject\SuperheroesApp\Scripts\Autogenerated\superhero-info-controller.js
D:\TestProject\UIFrameworks\UIFrameworksProject\SuperheroesApp\Scripts\Autogenerated\superhero-info-controller.js.map
D:\TestProject\UIFrameworks\UIFrameworksProject\SuperheroesApp\Scripts\Autogenerated\superhero-info-business.js
D:\TestProject\UIFrameworks\UIFrameworksProject\SuperheroesApp\Scripts\Autogenerated\superhero-info-business.js.map
D:\TestProject\UIFrameworks\UIFrameworksProject\SuperheroesApp\Scripts\Autogenerated\Models\superhero-list-model.js
D:\TestProject\UIFrameworks\UIFrameworksProject\SuperheroesApp\Scripts\Autogenerated\Models\superhero-list-model.js.map
D:\TestProject\UIFrameworks\UIFrameworksProject\SuperheroesApp\Scripts\Autogenerated\Models\superhero-grid-model.js
D:\TestProject\UIFrameworks\UIFrameworksProject\SuperheroesApp\Scripts\Autogenerated\Models\superhero-grid-model.js.map
D:\TestProject\UIFrameworks\UIFrameworksProject\SuperheroesApp\Scripts\Autogenerated\Models\superhero-urls-model.js
D:\TestProject\UIFrameworks\UIFrameworksProject\SuperheroesApp\Scripts\Autogenerated\Models\superhero-urls-model.js.map
D:\TestProject\UIFrameworks\UIFrameworksProject\SuperheroesApp\Scripts\Autogenerated\superhero-grid-business.js
D:\TestProject\UIFrameworks\UIFrameworksProject\SuperheroesApp\Scripts\Autogenerated\superhero-grid-business.js.map
D:\TestProject\UIFrameworks\UIFrameworksProject\SuperheroesApp\Scripts\Autogenerated\superhero-form-business.js
D:\TestProject\UIFrameworks\UIFrameworksProject\SuperheroesApp\Scripts\Autogenerated\superhero-form-business.js.map
D:\TestProject\UIFrameworks\UIFrameworksProject\SuperheroesApp\Scripts\Autogenerated\superhero-form-controller.js
D:\TestProject\UIFrameworks\UIFrameworksProject\SuperheroesApp\Scripts\Autogenerated\superhero-form-controller.js.map
D:\TestProject\UIFrameworks\UIFrameworksProject\SuperheroesApp\Scripts\Autogenerated\superhero-grid-controller.js
D:\TestProject\UIFrameworks\UIFrameworksProject\SuperheroesApp\Scripts\Autogenerated\superhero-grid-controller.js.map
D:\TestProject\UIFrameworks\UIFrameworksProject\SuperheroesApp\Scripts\Autogenerated\superhero-service.js
D:\TestProject\UIFrameworks\UIFrameworksProject\SuperheroesApp\Scripts\Autogenerated\superhero-service.js.map
D:\TestProject\UIFrameworks\UIFrameworksProject\SuperheroesApp\Scripts\Autogenerated\select2-component.js
D:\TestProject\UIFrameworks\UIFrameworksProject\SuperheroesApp\Scripts\Autogenerated\select2-component.js.map
